Arguments: 
  /usr/local/bin/node /usr/share/yarn/bin/yarn.js add webpack

PATH: 
  /home/arvind/bin:/home/arvind/.local/bin:/usr/local/sbin:/usr/local/bin:/usr/sbin:/usr/bin:/sbin:/bin:/usr/games:/usr/local/games:/snap/bin:/usr/lib/jvm/java-8-oracle/bin:/usr/lib/jvm/java-8-oracle/db/bin:/usr/lib/jvm/java-8-oracle/jre/bin

Yarn version: 
  1.2.1

Node version: 
  8.9.0

Platform: 
  linux x64

npm manifest: 
  {
    "name": "introduction",
    "version": "1.0.0",
    "description": "",
    "main": "server.js",
    "scripts": {
      "test": "echo \"Error: no test specified\" && exit 1",
      "start": "node server.js"
    },
    "author": "",
    "license": "ISC",
    "dependencies": {
      "express": "^4.16.2",
      "react": "^16.1.0",
      "react-dom": "^16.1.0"
    },
    "devDependencies": {
      "babel-core": "^6.26.0",
      "babel-loader": "^7.1.2",
      "babel-preset-es2015": "^6.24.1",
      "babel-preset-react": "^6.24.1",
      "webpack": "^3.8.1"
    }
  }

yarn manifest: 
  No manifest

Lockfile: 
  No lockfile

Trace: 
  Error: https://registry.yarnpkg.com/debug: ETIMEDOUT
      at Timeout._onTimeout (/usr/share/yarn/lib/cli.js:123675:19)
      at ontimeout (timers.js:475:11)
      at tryOnTimeout (timers.js:310:5)
      at Timer.listOnTimeout (timers.js:270:5)
